[INFO] Scanning for projects...
[INFO] 
[INFO] -------------< com.capstone:University-Time-Table-manager >-------------
[INFO] Building University-Time-Table-manager 0.0.1-SNAPSHOT
[INFO]   from pom.xml
[INFO] --------------------------------[ jar ]---------------------------------
[INFO] 
[INFO] --- resources:3.3.1:resources (default-resources) @ University-Time-Table-manager ---
[INFO] Copying 1 resource from src\main\resources to target\classes
[INFO] Copying 1 resource from src\main\resources to target\classes
[INFO] 
[INFO] --- compiler:3.13.0:compile (default-compile) @ University-Time-Table-manager ---
[INFO] Recompiling the module because of changed source code.
[INFO] Compiling 55 source files with javac [debug parameters release 17] to target\classes
[INFO] -------------------------------------------------------------
[ERROR] COMPILATION ERROR : 
[INFO] -------------------------------------------------------------
[ERROR] /C:/Users/Suhana Raj/OneDrive/Desktop/UniversityProject/University-TimeTable-Management/Backend/src/main/java/com/capstone/University/Time/Table/manager/Service/AssignService.java:[119,25] cannot find symbol
  symbol:   method getFacultyUID()
  location: variable incoming of type com.capstone.University.Time.Table.manager.Entity.CourseMapping
[ERROR] /C:/Users/Suhana Raj/OneDrive/Desktop/UniversityProject/University-TimeTable-Management/Backend/src/main/java/com/capstone/University/Time/Table/manager/Service/AssignService.java:[119,82] cannot find symbol
  symbol:   method getFacultyUID()
  location: variable incoming of type com.capstone.University.Time.Table.manager.Entity.CourseMapping
[ERROR] /C:/Users/Suhana Raj/OneDrive/Desktop/UniversityProject/University-TimeTable-Management/Backend/src/main/java/com/capstone/University/Time/Table/manager/Service/AssignService.java:[146,26] cannot find symbol
  symbol:   method getFacultyUID()
  location: variable courseMapping of type com.capstone.University.Time.Table.manager.Entity.CourseMapping
[ERROR] /C:/Users/Suhana Raj/OneDrive/Desktop/UniversityProject/University-TimeTable-Management/Backend/src/main/java/com/capstone/University/Time/Table/manager/Service/AssignService.java:[146,92] cannot find symbol
  symbol:   method getFacultyUID()
  location: variable courseMapping of type com.capstone.University.Time.Table.manager.Entity.CourseMapping
[ERROR] /C:/Users/Suhana Raj/OneDrive/Desktop/UniversityProject/University-TimeTable-Management/Backend/src/main/java/com/capstone/University/Time/Table/manager/Service/AssignService.java:[174,34] cannot find symbol
  symbol:   method getFacultyUID()
  location: variable courseMappingTemp of type com.capstone.University.Time.Table.manager.Entity.CourseMapping
[ERROR] /C:/Users/Suhana Raj/OneDrive/Desktop/UniversityProject/University-TimeTable-Management/Backend/src/main/java/com/capstone/University/Time/Table/manager/Service/AssignService.java:[175,34] cannot find symbol
  symbol:   method setFacultyUID(java.lang.String)
  location: variable courseMappingTemp of type com.capstone.University.Time.Table.manager.Entity.CourseMapping
[ERROR] /C:/Users/Suhana Raj/OneDrive/Desktop/UniversityProject/University-TimeTable-Management/Backend/src/main/java/com/capstone/University/Time/Table/manager/Service/TicketService.java:[51,47] cannot find symbol
  symbol:   method getFacultyUID()
  location: variable courseMapping of type com.capstone.University.Time.Table.manager.Entity.CourseMapping
[ERROR] /C:/Users/Suhana Raj/OneDrive/Desktop/UniversityProject/University-TimeTable-Management/Backend/src/main/java/com/capstone/University/Time/Table/manager/Service/TicketService.java:[51,88] cannot find symbol
  symbol:   method getFacultyUID()
  location: variable courseMapping of type com.capstone.University.Time.Table.manager.Entity.CourseMapping
[INFO] 8 errors 
[INFO] -------------------------------------------------------------
[INFO] ------------------------------------------------------------------------
[INFO] BUILD FAILURE
[INFO] ------------------------------------------------------------------------
[INFO] Total time:  10.560 s
[INFO] Finished at: 2026-03-24T09:48:01+05:30
[INFO] ------------------------------------------------------------------------
[ERROR] Failed to execute goal org.apache.maven.plugins:maven-compiler-plugin:3.13.0:compile (default-compile) on project University-Time-Table-manager: Compilation failure: Compilation failure: 
[ERROR] /C:/Users/Suhana Raj/OneDrive/Desktop/UniversityProject/University-TimeTable-Management/Backend/src/main/java/com/capstone/University/Time/Table/manager/Service/AssignService.java:[119,25] cannot find symbol
[ERROR]   symbol:   method getFacultyUID()
[ERROR]   location: variable incoming of type com.capstone.University.Time.Table.manager.Entity.CourseMapping
[ERROR] /C:/Users/Suhana Raj/OneDrive/Desktop/UniversityProject/University-TimeTable-Management/Backend/src/main/java/com/capstone/University/Time/Table/manager/Service/AssignService.java:[119,82] cannot find symbol
[ERROR]   symbol:   method getFacultyUID()
[ERROR]   location: variable incoming of type com.capstone.University.Time.Table.manager.Entity.CourseMapping
[ERROR] /C:/Users/Suhana Raj/OneDrive/Desktop/UniversityProject/University-TimeTable-Management/Backend/src/main/java/com/capstone/University/Time/Table/manager/Service/AssignService.java:[146,26] cannot find symbol
[ERROR]   symbol:   method getFacultyUID()
[ERROR]   location: variable courseMapping of type com.capstone.University.Time.Table.manager.Entity.CourseMapping
[ERROR] /C:/Users/Suhana Raj/OneDrive/Desktop/UniversityProject/University-TimeTable-Management/Backend/src/main/java/com/capstone/University/Time/Table/manager/Service/AssignService.java:[146,92] cannot find symbol
[ERROR]   symbol:   method getFacultyUID()
[ERROR]   location: variable courseMapping of type com.capstone.University.Time.Table.manager.Entity.CourseMapping
[ERROR] /C:/Users/Suhana Raj/OneDrive/Desktop/UniversityProject/University-TimeTable-Management/Backend/src/main/java/com/capstone/University/Time/Table/manager/Service/AssignService.java:[174,34] cannot find symbol
[ERROR]   symbol:   method getFacultyUID()
[ERROR]   location: variable courseMappingTemp of type com.capstone.University.Time.Table.manager.Entity.CourseMapping
[ERROR] /C:/Users/Suhana Raj/OneDrive/Desktop/UniversityProject/University-TimeTable-Management/Backend/src/main/java/com/capstone/University/Time/Table/manager/Service/AssignService.java:[175,34] cannot find symbol
[ERROR]   symbol:   method setFacultyUID(java.lang.String)
[ERROR]   location: variable courseMappingTemp of type com.capstone.University.Time.Table.manager.Entity.CourseMapping
[ERROR] /C:/Users/Suhana Raj/OneDrive/Desktop/UniversityProject/University-TimeTable-Management/Backend/src/main/java/com/capstone/University/Time/Table/manager/Service/TicketService.java:[51,47] cannot find symbol
[ERROR]   symbol:   method getFacultyUID()
[ERROR]   location: variable courseMapping of type com.capstone.University.Time.Table.manager.Entity.CourseMapping
[ERROR] /C:/Users/Suhana Raj/OneDrive/Desktop/UniversityProject/University-TimeTable-Management/Backend/src/main/java/com/capstone/University/Time/Table/manager/Service/TicketService.java:[51,88] cannot find symbol
[ERROR]   symbol:   method getFacultyUID()
[ERROR]   location: variable courseMapping of type com.capstone.University.Time.Table.manager.Entity.CourseMapping
[ERROR] -> [Help 1]
[ERROR] 
[ERROR] To see the full stack trace of the errors, re-run Maven with the -e switch.
[ERROR] Re-run Maven using the -X switch to enable full debug logging.
[ERROR] 
[ERROR] For more information about the errors and possible solutions, please read the following articles:
[ERROR] [Help 1] http://cwiki.apache.org/confluence/display/MAVEN/MojoFailureException
