[INFO] Scanning for projects...
[INFO] 
[INFO] -------------< com.capstone:University-Time-Table-manager >-------------
[INFO] Building University-Time-Table-manager 0.0.1-SNAPSHOT
[INFO]   from pom.xml
[INFO] --------------------------------[ jar ]---------------------------------
[INFO] 
[INFO] --- resources:3.3.1:resources (default-resources) @ University-Time-Table-manager ---
[INFO] Copying 1 resource from src\main\resources to target\classes
[INFO] Copying 1 resource from src\main\resources to target\classes
[INFO] 
[INFO] --- compiler:3.13.0:compile (default-compile) @ University-Time-Table-manager ---
[INFO] Recompiling the module because of changed source code.
[INFO] Compiling 55 source files with javac [debug parameters release 17] to target\classes
[INFO] -------------------------------------------------------------
[WARNING] COMPILATION WARNING : 
[INFO] -------------------------------------------------------------
[WARNING] /C:/Users/Suhana Raj/OneDrive/Desktop/UniversityProject/University-TimeTable-Management/Backend/src/main/java/com/capstone/University/Time/Table/manager/Mapper/TicketMapper.java:[10,15] Unmapped target property: "facultyUID".
[WARNING] /C:/Users/Suhana Raj/OneDrive/Desktop/UniversityProject/University-TimeTable-Management/Backend/src/main/java/com/capstone/University/Time/Table/manager/Mapper/TicketMapper.java:[16,12] Unmapped target property: "facultyUid".
[WARNING] /C:/Users/Suhana Raj/OneDrive/Desktop/UniversityProject/University-TimeTable-Management/Backend/src/main/java/com/capstone/University/Time/Table/manager/Mapper/FacultyMapper.java:[10,16] Unmapped target property: "facultyUID".
[WARNING] /C:/Users/Suhana Raj/OneDrive/Desktop/UniversityProject/University-TimeTable-Management/Backend/src/main/java/com/capstone/University/Time/Table/manager/Mapper/FacultyMapper.java:[14,13] Unmapped target property: "facultyUid".
[INFO] 4 warnings 
[INFO] -------------------------------------------------------------
[INFO] -------------------------------------------------------------
[ERROR] COMPILATION ERROR : 
[INFO] -------------------------------------------------------------
[ERROR] /C:/Users/Suhana Raj/OneDrive/Desktop/UniversityProject/University-TimeTable-Management/Backend/src/main/java/com/capstone/University/Time/Table/manager/Service/TicketService.java:[101,31] cannot find symbol
  symbol:   method setFacultyUID(java.lang.String)
  location: variable ticket of type com.capstone.University.Time.Table.manager.Entity.Ticket
[INFO] 1 error
[INFO] -------------------------------------------------------------
[INFO] ------------------------------------------------------------------------
[INFO] BUILD FAILURE
[INFO] ------------------------------------------------------------------------
[INFO] Total time:  10.659 s
[INFO] Finished at: 2026-03-24T10:15:22+05:30
[INFO] ------------------------------------------------------------------------
[ERROR] Failed to execute goal org.apache.maven.plugins:maven-compiler-plugin:3.13.0:compile (default-compile) on project University-Time-Table-manager: Compilation failure
[ERROR] /C:/Users/Suhana Raj/OneDrive/Desktop/UniversityProject/University-TimeTable-Management/Backend/src/main/java/com/capstone/University/Time/Table/manager/Service/TicketService.java:[101,31] cannot find symbol
[ERROR]   symbol:   method setFacultyUID(java.lang.String)
[ERROR]   location: variable ticket of type com.capstone.University.Time.Table.manager.Entity.Ticket
[ERROR] 
[ERROR] -> [Help 1]
[ERROR] 
[ERROR] To see the full stack trace of the errors, re-run Maven with the -e switch.
[ERROR] Re-run Maven using the -X switch to enable full debug logging.
[ERROR] 
[ERROR] For more information about the errors and possible solutions, please read the following articles:
[ERROR] [Help 1] http://cwiki.apache.org/confluence/display/MAVEN/MojoFailureException
