[INFO] Scanning for projects...
[INFO] 
[INFO] -------------< com.capstone:University-Time-Table-manager >-------------
[INFO] Building University-Time-Table-manager 0.0.1-SNAPSHOT
[INFO]   from pom.xml
[INFO] --------------------------------[ jar ]---------------------------------
[INFO] 
[INFO] --- resources:3.3.1:resources (default-resources) @ University-Time-Table-manager ---
[INFO] Copying 1 resource from src\main\resources to target\classes
[INFO] Copying 1 resource from src\main\resources to target\classes
[INFO] 
[INFO] --- compiler:3.13.0:compile (default-compile) @ University-Time-Table-manager ---
[INFO] Recompiling the module because of changed source code.
[INFO] Compiling 55 source files with javac [debug parameters release 17] to target\classes
[INFO] -------------------------------------------------------------
[ERROR] COMPILATION ERROR : 
[INFO] -------------------------------------------------------------
[ERROR] /C:/Users/Suhana Raj/OneDrive/Desktop/UniversityProject/University-TimeTable-Management/Backend/src/main/java/com/capstone/University/Time/Table/manager/Service/AssignService.java:[109,51] cannot find symbol
  symbol:   method findBySectionAndCoursecodeAndGroupNoAndMappingType(java.lang.String,java.lang.String,java.lang.Short,java.lang.String)
  location: variable courseMappingRepository of type com.capstone.University.Time.Table.manager.Repository.CourseMappingRepository
[ERROR] /C:/Users/Suhana Raj/OneDrive/Desktop/UniversityProject/University-TimeTable-Management/Backend/src/main/java/com/capstone/University/Time/Table/manager/Service/AssignService.java:[133,17] cannot find symbol
  symbol:   method findBySectionAndCoursecodeAndGroupNoAndMappingType(java.lang.String,java.lang.String,java.lang.Short,java.lang.String)
  location: variable courseMappingRepository of type com.capstone.University.Time.Table.manager.Repository.CourseMappingRepository
[ERROR] /C:/Users/Suhana Raj/OneDrive/Desktop/UniversityProject/University-TimeTable-Management/Backend/src/main/java/com/capstone/University/Time/Table/manager/Service/AssignService.java:[213,43] cannot find symbol
  symbol:   method existsBySectionAndCoursecode(java.lang.String,java.lang.String)
  location: variable courseMappingRepository of type com.capstone.University.Time.Table.manager.Repository.CourseMappingRepository
[ERROR] /C:/Users/Suhana Raj/OneDrive/Desktop/UniversityProject/University-TimeTable-Management/Backend/src/main/java/com/capstone/University/Time/Table/manager/Service/AssignService.java:[282,30] cannot find symbol
  symbol:   method setCoursecode(java.lang.String)
  location: variable courseMapping of type com.capstone.University.Time.Table.manager.Entity.CourseMapping
[ERROR] /C:/Users/Suhana Raj/OneDrive/Desktop/UniversityProject/University-TimeTable-Management/Backend/src/main/java/com/capstone/University/Time/Table/manager/Service/CourseMappingService.java:[57,17] cannot find symbol
  symbol:   method findByCoursecodeAndSectionIn(java.lang.String,java.util.List<java.lang.String>)
  location: variable courseMappingRepository of type com.capstone.University.Time.Table.manager.Repository.CourseMappingRepository
[ERROR] /C:/Users/Suhana Raj/OneDrive/Desktop/UniversityProject/University-TimeTable-Management/Backend/src/main/java/com/capstone/University/Time/Table/manager/Service/TicketService.java:[98,31] cannot find symbol
  symbol:   method setCoursecode(java.lang.String)
  location: variable ticket of type com.capstone.University.Time.Table.manager.Entity.Ticket
[INFO] 6 errors 
[INFO] -------------------------------------------------------------
[INFO] ------------------------------------------------------------------------
[INFO] BUILD FAILURE
[INFO] ------------------------------------------------------------------------
[INFO] Total time:  12.086 s
[INFO] Finished at: 2026-03-24T10:17:54+05:30
[INFO] ------------------------------------------------------------------------
[ERROR] Failed to execute goal org.apache.maven.plugins:maven-compiler-plugin:3.13.0:compile (default-compile) on project University-Time-Table-manager: Compilation failure: Compilation failure: 
[ERROR] /C:/Users/Suhana Raj/OneDrive/Desktop/UniversityProject/University-TimeTable-Management/Backend/src/main/java/com/capstone/University/Time/Table/manager/Service/AssignService.java:[109,51] cannot find symbol
[ERROR]   symbol:   method findBySectionAndCoursecodeAndGroupNoAndMappingType(java.lang.String,java.lang.String,java.lang.Short,java.lang.String)
[ERROR]   location: variable courseMappingRepository of type com.capstone.University.Time.Table.manager.Repository.CourseMappingRepository
[ERROR] /C:/Users/Suhana Raj/OneDrive/Desktop/UniversityProject/University-TimeTable-Management/Backend/src/main/java/com/capstone/University/Time/Table/manager/Service/AssignService.java:[133,17] cannot find symbol
[ERROR]   symbol:   method findBySectionAndCoursecodeAndGroupNoAndMappingType(java.lang.String,java.lang.String,java.lang.Short,java.lang.String)
[ERROR]   location: variable courseMappingRepository of type com.capstone.University.Time.Table.manager.Repository.CourseMappingRepository
[ERROR] /C:/Users/Suhana Raj/OneDrive/Desktop/UniversityProject/University-TimeTable-Management/Backend/src/main/java/com/capstone/University/Time/Table/manager/Service/AssignService.java:[213,43] cannot find symbol
[ERROR]   symbol:   method existsBySectionAndCoursecode(java.lang.String,java.lang.String)
[ERROR]   location: variable courseMappingRepository of type com.capstone.University.Time.Table.manager.Repository.CourseMappingRepository
[ERROR] /C:/Users/Suhana Raj/OneDrive/Desktop/UniversityProject/University-TimeTable-Management/Backend/src/main/java/com/capstone/University/Time/Table/manager/Service/AssignService.java:[282,30] cannot find symbol
[ERROR]   symbol:   method setCoursecode(java.lang.String)
[ERROR]   location: variable courseMapping of type com.capstone.University.Time.Table.manager.Entity.CourseMapping
[ERROR] /C:/Users/Suhana Raj/OneDrive/Desktop/UniversityProject/University-TimeTable-Management/Backend/src/main/java/com/capstone/University/Time/Table/manager/Service/CourseMappingService.java:[57,17] cannot find symbol
[ERROR]   symbol:   method findByCoursecodeAndSectionIn(java.lang.String,java.util.List<java.lang.String>)
[ERROR]   location: variable courseMappingRepository of type com.capstone.University.Time.Table.manager.Repository.CourseMappingRepository
[ERROR] /C:/Users/Suhana Raj/OneDrive/Desktop/UniversityProject/University-TimeTable-Management/Backend/src/main/java/com/capstone/University/Time/Table/manager/Service/TicketService.java:[98,31] cannot find symbol
[ERROR]   symbol:   method setCoursecode(java.lang.String)
[ERROR]   location: variable ticket of type com.capstone.University.Time.Table.manager.Entity.Ticket
[ERROR] -> [Help 1]
[ERROR] 
[ERROR] To see the full stack trace of the errors, re-run Maven with the -e switch.
[ERROR] Re-run Maven using the -X switch to enable full debug logging.
[ERROR] 
[ERROR] For more information about the errors and possible solutions, please read the following articles:
[ERROR] [Help 1] http://cwiki.apache.org/confluence/display/MAVEN/MojoFailureException
