[INFO] Scanning for projects...
[INFO] 
[INFO] -------------< com.capstone:University-Time-Table-manager >-------------
[INFO] Building University-Time-Table-manager 0.0.1-SNAPSHOT
[INFO]   from pom.xml
[INFO] --------------------------------[ jar ]---------------------------------
[INFO] 
[INFO] --- clean:3.4.0:clean (default-clean) @ University-Time-Table-manager ---
[INFO] Deleting C:\Users\Suhana Raj\OneDrive\Desktop\UniversityProject\University-TimeTable-Management\Backend\target
[INFO] 
[INFO] --- resources:3.3.1:resources (default-resources) @ University-Time-Table-manager ---
[INFO] Copying 1 resource from src\main\resources to target\classes
[INFO] Copying 1 resource from src\main\resources to target\classes
[INFO] 
[INFO] --- compiler:3.13.0:compile (default-compile) @ University-Time-Table-manager ---
[INFO] Recompiling the module because of changed source code.
[INFO] Compiling 57 source files with javac [debug parameters release 17] to target\classes
[INFO] -------------------------------------------------------------
[WARNING] COMPILATION WARNING : 
[INFO] -------------------------------------------------------------
[WARNING] /C:/Users/Suhana Raj/OneDrive/Desktop/UniversityProject/University-TimeTable-Management/Backend/src/main/java/com/capstone/University/Time/Table/manager/Mapper/FacultyMapper.java:[10,16] Unmapped target property: "facultyUID".
[WARNING] /C:/Users/Suhana Raj/OneDrive/Desktop/UniversityProject/University-TimeTable-Management/Backend/src/main/java/com/capstone/University/Time/Table/manager/Mapper/FacultyMapper.java:[14,13] Unmapped target property: "facultyUid".
[INFO] 2 warnings 
[INFO] -------------------------------------------------------------
[INFO] -------------------------------------------------------------
[ERROR] COMPILATION ERROR : 
[INFO] -------------------------------------------------------------
[ERROR] /C:/Users/Suhana Raj/OneDrive/Desktop/UniversityProject/University-TimeTable-Management/Backend/src/main/java/com/capstone/University/Time/Table/manager/Service/AssignService.java:[241,21] cannot find symbol
  symbol:   class NonNull
  location: class com.capstone.University.Time.Table.manager.Service.AssignService
[INFO] 1 error
[INFO] -------------------------------------------------------------
[INFO] ------------------------------------------------------------------------
[INFO] BUILD FAILURE
[INFO] ------------------------------------------------------------------------
[INFO] Total time:  8.943 s
[INFO] Finished at: 2026-03-24T12:43:04+05:30
[INFO] ------------------------------------------------------------------------
[ERROR] Failed to execute goal org.apache.maven.plugins:maven-compiler-plugin:3.13.0:compile (default-compile) on project University-Time-Table-manager: Compilation failure
[ERROR] /C:/Users/Suhana Raj/OneDrive/Desktop/UniversityProject/University-TimeTable-Management/Backend/src/main/java/com/capstone/University/Time/Table/manager/Service/AssignService.java:[241,21] cannot find symbol
[ERROR]   symbol:   class NonNull
[ERROR]   location: class com.capstone.University.Time.Table.manager.Service.AssignService
[ERROR] 
[ERROR] -> [Help 1]
[ERROR] 
[ERROR] To see the full stack trace of the errors, re-run Maven with the -e switch.
[ERROR] Re-run Maven using the -X switch to enable full debug logging.
[ERROR] 
[ERROR] For more information about the errors and possible solutions, please read the following articles:
[ERROR] [Help 1] http://cwiki.apache.org/confluence/display/MAVEN/MojoFailureException
